1669726260163:hello
1669726263799:help
1669732933689:user print
1669732953616:user register
1669732964736:user register asd asd
1669732977046:user describe
1669732983058:user print
1669732994399:user login asd fk
1669733000749:user login asd asd
1669733147077:user register asd asd
1669733170734:user login asd asd
1669734950862:user register asd asd
1669735129056:user login asd asd
1669735139102:user register tomi sad
1669735155095:user login tomi asd
1669735669157:user register asd asd
1669735692373:user login asd asd
1669735707143:user register tomi sad
1669735715576:user login tomi sad
1669735824959:user register asd asd
1669735833819:user login asd sad
1669735837597:user login asd asd
1669735842799:user login tomi asd
1669735847555:user register tomi asd
1669735851155:user login asd asd
1669735856133:user login tomi asd
1669736334056:user register tomi tomi
1669736340055:user login tomi tomi
1669736357285:user logout
1669736362935:user login tomi tomi
1669736630199:user login asd
1669736635697:user login asd asd
1669736648767:user register david sad
1669736655931:user login david sad
1669736660085:user logout
1669740003529:exit
1669742016440:user login asd
1669742020932:user login asd asd
1669742038021:user register asd asd
1669742045229:user login asd asd
1669742052245:user login admin admin
1669742232784:asd asd
1669742239300:user login asd asd
1669742293771:user login admin admin
1669743360298:logout
1669743363874:user logout
1669744398990:describe account
1669744421459:sign in privileged admin admin
1669744437351:describe account
1669744459280:logout
1669744472757:sign out
1669744511987:user register admin admin
1669744552774:user register asd asa
1669744559077:user login asd asd
1669744561736:i
1669744567172:user login asd asa
1669744571515:user logout
1669744700968:sign in privileged admin admin
1669744730729:sign out
1669752300541:describe acoount
1669752317353:describe account
1669752347090:sign in privileged admin admin
1669752367623:describe account
1669753432720:user register asd asd
1669753442381:sign out
1669753473584:sign in privileged tomi asd
1669753487440:sign in privileged asd asd
1669753497949:login user tomi asd
1669753507295:user login tomi asd
1669753590063:user login asd asd
1669753611325:sign out
1669753618956:user logout
1669753627951:user login asd asd
1669753772656:describe account
1669753787684:user logout
1669753798043:user login asd asd
1669754496895:describe account
1669754512571:user register asd asd
1669754518388:describe account
1669754561056:user login asd sad
1669754570579:user login asd asd
1669754576900:describe account
1669754584371:user logout
1669754592835:describe account
1669754604864:user login asd asd
1669754609559:describe account
1669754667525:sign in privileged admin admin
1669754678557:sign out
1669754682862:user logout
1669754704072:sign in privileged admin admin
1669754707378:sign out
1669757133828:exit
